This is pdfTeX, Version 3.141592653-2.6-1.40.27 (TeX Live 2025/nixos.org) (preloaded format=pdflatex 1980.1.1)  30 MAR 2026 12:56
entering extended mode
 restricted \write18 enabled.
 file:line:error style messages enabled.
 %&-line parsing enabled.
**homework.tex
(./homework.tex
LaTeX2e <2025-06-01> patch level 1
L3 programming layer <2025-06-09>
(/nix/store/zwfpsgcpl060kz380qlvpf3i8fp19i7f-texlive-combined-medium-2025.20250703-texmfdist/tex/latex/base/article.cls
Document Class: article 2025/01/22 v1.4n Standard LaTeX document class
(/nix/store/zwfpsgcpl060kz380qlvpf3i8fp19i7f-texlive-combined-medium-2025.20250703-texmfdist/tex/latex/base/size10.clo
File: size10.clo 2025/01/22 v1.4n Standard LaTeX file (size option)
)
\c@part=\count275
\c@section=\count276
\c@subsection=\count277
\c@subsubsection=\count278
\c@paragraph=\count279
\c@subparagraph=\count280
\c@figure=\count281
\c@table=\count282
\abovecaptionskip=\skip49
\belowcaptionskip=\skip50
\bibindent=\dimen148
) (/nix/store/zwfpsgcpl060kz380qlvpf3i8fp19i7f-texlive-combined-medium-2025.20250703-texmfdist/tex/latex/fancyhdr/fancyhdr.sty
Package: fancyhdr 2025/02/07 v5.2 Extensive control of page headers and footers
\f@nch@headwidth=\skip51
\f@nch@offset@elh=\skip52
\f@nch@offset@erh=\skip53
\f@nch@offset@olh=\skip54
\f@nch@offset@orh=\skip55
\f@nch@offset@elf=\skip56
\f@nch@offset@erf=\skip57
\f@nch@offset@olf=\skip58
\f@nch@offset@orf=\skip59
\f@nch@height=\skip60
\f@nch@footalignment=\skip61
\f@nch@widthL=\skip62
\f@nch@widthC=\skip63
\f@nch@widthR=\skip64
\@temptokenb=\toks17
) (/nix/store/zwfpsgcpl060kz380qlvpf3i8fp19i7f-texlive-combined-medium-2025.20250703-texmfdist/tex/latex/fancyhdr/extramarks.sty
Package: extramarks 2025/02/07 v5.2 Extra marks for LaTeX
\c__mark_class_extramarks-left_mark=\marks4
\c__mark_class_extramarks-right_mark=\marks5
) (/nix/store/zwfpsgcpl060kz380qlvpf3i8fp19i7f-texlive-combined-medium-2025.20250703-texmfdist/tex/latex/amsmath/amsmath.sty
Package: amsmath 2025/06/16 v2.17y AMS math features
\@mathmargin=\skip65

For additional information on amsmath, use the `?' option.
(/nix/store/zwfpsgcpl060kz380qlvpf3i8fp19i7f-texlive-combined-medium-2025.20250703-texmfdist/tex/latex/amsmath/amstext.sty
Package: amstext 2024/11/17 v2.01 AMS text
 (/nix/store/zwfpsgcpl060kz380qlvpf3i8fp19i7f-texlive-combined-medium-2025.20250703-texmfdist/tex/latex/amsmath/amsgen.sty
File: amsgen.sty 1999/11/30 v2.0 generic functions
\@emptytoks=\toks18
\ex@=\dimen149
)) (/nix/store/zwfpsgcpl060kz380qlvpf3i8fp19i7f-texlive-combined-medium-2025.20250703-texmfdist/tex/latex/amsmath/amsbsy.sty
Package: amsbsy 1999/11/29 v1.2d Bold Symbols
\pmbraise@=\dimen150
) (/nix/store/zwfpsgcpl060kz380qlvpf3i8fp19i7f-texlive-combined-medium-2025.20250703-texmfdist/tex/latex/amsmath/amsopn.sty
Package: amsopn 2022/04/08 v2.04 operator names
)
\inf@bad=\count283
LaTeX Info: Redefining \frac on input line 233.
\uproot@=\count284
\leftroot@=\count285
LaTeX Info: Redefining \overline on input line 398.
LaTeX Info: Redefining \colon on input line 409.
\classnum@=\count286
\DOTSCASE@=\count287
LaTeX Info: Redefining \ldots on input line 495.
LaTeX Info: Redefining \dots on input line 498.
LaTeX Info: Redefining \cdots on input line 619.
\Mathstrutbox@=\box53
\strutbox@=\box54
LaTeX Info: Redefining \big on input line 721.
LaTeX Info: Redefining \Big on input line 722.
LaTeX Info: Redefining \bigg on input line 723.
LaTeX Info: Redefining \Bigg on input line 724.
\big@size=\dimen151
LaTeX Font Info:    Redeclaring font encoding OML on input line 742.
LaTeX Font Info:    Redeclaring font encoding OMS on input line 743.
\macc@depth=\count288
LaTeX Info: Redefining \bmod on input line 904.
LaTeX Info: Redefining \pmod on input line 909.
LaTeX Info: Redefining \smash on input line 939.
LaTeX Info: Redefining \relbar on input line 969.
LaTeX Info: Redefining \Relbar on input line 970.
\c@MaxMatrixCols=\count289
\dotsspace@=\muskip17
\c@parentequation=\count290
\dspbrk@lvl=\count291
\tag@help=\toks19
\row@=\count292
\column@=\count293
\maxfields@=\count294
\andhelp@=\toks20
\eqnshift@=\dimen152
\alignsep@=\dimen153
\tagshift@=\dimen154
\tagwidth@=\dimen155
\totwidth@=\dimen156
\lineht@=\dimen157
\@envbody=\toks21
\multlinegap=\skip66
\multlinetaggap=\skip67
\mathdisplay@stack=\toks22
LaTeX Info: Redefining \[ on input line 2949.
LaTeX Info: Redefining \] on input line 2950.
) (/nix/store/zwfpsgcpl060kz380qlvpf3i8fp19i7f-texlive-combined-medium-2025.20250703-texmfdist/tex/latex/amscls/amsthm.sty
Package: amsthm 2020/05/29 v2.20.6
\thm@style=\toks23
\thm@bodyfont=\toks24
\thm@headfont=\toks25
\thm@notefont=\toks26
\thm@headpunct=\toks27
\thm@preskip=\skip68
\thm@postskip=\skip69
\thm@headsep=\skip70
\dth@everypar=\toks28
) (/nix/store/zwfpsgcpl060kz380qlvpf3i8fp19i7f-texlive-combined-medium-2025.20250703-texmfdist/tex/latex/amsfonts/amsfonts.sty
Package: amsfonts 2013/01/14 v3.01 Basic AMSFonts support
\symAMSa=\mathgroup4
\symAMSb=\mathgroup5
LaTeX Font Info:    Redeclaring math symbol \hbar on input line 98.
LaTeX Font Info:    Overwriting math alphabet `\mathfrak' in version `bold'
(Font)                  U/euf/m/n --> U/euf/b/n on input line 106.
) (/nix/store/zwfpsgcpl060kz380qlvpf3i8fp19i7f-texlive-combined-medium-2025.20250703-texmfdist/tex/latex/pgf/frontendlayer/tikz.sty (/nix/store/zwfpsgcpl060kz380qlvpf3i8fp19i7f-texlive-combined-medium-2025.20250703-texmfdist/tex/latex/pgf/basiclayer/pgf.sty (/nix/store/zwfpsgcpl060kz380qlvpf3i8fp19i7f-texlive-combined-medium-2025.20250703-texmfdist/tex/latex/pgf/utilities/pgfrcs.sty (/nix/store/zwfpsgcpl060kz380qlvpf3i8fp19i7f-texlive-combined-medium-2025.20250703-texmfdist/tex/generic/pgf/utilities/pgfutil-common.tex
\pgfutil@everybye=\toks29
\pgfutil@tempdima=\dimen158
\pgfutil@tempdimb=\dimen159
) (/nix/store/zwfpsgcpl060kz380qlvpf3i8fp19i7f-texlive-combined-medium-2025.20250703-texmfdist/tex/generic/pgf/utilities/pgfutil-latex.def
\pgfutil@abb=\box55
) (/nix/store/zwfpsgcpl060kz380qlvpf3i8fp19i7f-texlive-combined-medium-2025.20250703-texmfdist/tex/generic/pgf/utilities/pgfrcs.code.tex (/nix/store/zwfpsgcpl060kz380qlvpf3i8fp19i7f-texlive-combined-medium-2025.20250703-texmfdist/tex/generic/pgf/pgf.revision.tex)
Package: pgfrcs 2023-01-15 v3.1.10 (3.1.10)
))
Package: pgf 2023-01-15 v3.1.10 (3.1.10)
 (/nix/store/zwfpsgcpl060kz380qlvpf3i8fp19i7f-texlive-combined-medium-2025.20250703-texmfdist/tex/latex/pgf/basiclayer/pgfcore.sty (/nix/store/zwfpsgcpl060kz380qlvpf3i8fp19i7f-texlive-combined-medium-2025.20250703-texmfdist/tex/latex/graphics/graphicx.sty
Package: graphicx 2024/12/31 v1.2e Enhanced LaTeX Graphics (DPC,SPQR)

(/nix/store/zwfpsgcpl060kz380qlvpf3i8fp19i7f-texlive-combined-medium-2025.20250703-texmfdist/tex/latex/graphics/keyval.sty
Package: keyval 2022/05/29 v1.15 key=value parser (DPC)
\KV@toks@=\toks30
) (/nix/store/zwfpsgcpl060kz380qlvpf3i8fp19i7f-texlive-combined-medium-2025.20250703-texmfdist/tex/latex/graphics/graphics.sty
Package: graphics 2024/08/06 v1.4g Standard LaTeX Graphics (DPC,SPQR)
 (/nix/store/zwfpsgcpl060kz380qlvpf3i8fp19i7f-texlive-combined-medium-2025.20250703-texmfdist/tex/latex/graphics/trig.sty
Package: trig 2023/12/02 v1.11 sin cos tan (DPC)
) (/nix/store/zwfpsgcpl060kz380qlvpf3i8fp19i7f-texlive-combined-medium-2025.20250703-texmfdist/tex/latex/graphics-cfg/graphics.cfg
File: graphics.cfg 2016/06/04 v1.11 sample graphics configuration
)
Package graphics Info: Driver file: pdftex.def on input line 106.
 (/nix/store/zwfpsgcpl060kz380qlvpf3i8fp19i7f-texlive-combined-medium-2025.20250703-texmfdist/tex/latex/graphics-def/pdftex.def
File: pdftex.def 2024/04/13 v1.2c Graphics/color driver for pdftex
))
\Gin@req@height=\dimen160
\Gin@req@width=\dimen161
) (/nix/store/zwfpsgcpl060kz380qlvpf3i8fp19i7f-texlive-combined-medium-2025.20250703-texmfdist/tex/latex/pgf/systemlayer/pgfsys.sty (/nix/store/zwfpsgcpl060kz380qlvpf3i8fp19i7f-texlive-combined-medium-2025.20250703-texmfdist/tex/generic/pgf/systemlayer/pgfsys.code.tex
Package: pgfsys 2023-01-15 v3.1.10 (3.1.10)
 (/nix/store/zwfpsgcpl060kz380qlvpf3i8fp19i7f-texlive-combined-medium-2025.20250703-texmfdist/tex/generic/pgf/utilities/pgfkeys.code.tex
\pgfkeys@pathtoks=\toks31
\pgfkeys@temptoks=\toks32
 (/nix/store/zwfpsgcpl060kz380qlvpf3i8fp19i7f-texlive-combined-medium-2025.20250703-texmfdist/tex/generic/pgf/utilities/pgfkeyslibraryfiltered.code.tex
\pgfkeys@tmptoks=\toks33
))
\pgf@x=\dimen162
\pgf@y=\dimen163
\pgf@xa=\dimen164
\pgf@ya=\dimen165
\pgf@xb=\dimen166
\pgf@yb=\dimen167
\pgf@xc=\dimen168
\pgf@yc=\dimen169
\pgf@xd=\dimen170
\pgf@yd=\dimen171
\w@pgf@writea=\write3
\r@pgf@reada=\read2
\c@pgf@counta=\count295
\c@pgf@countb=\count296
\c@pgf@countc=\count297
\c@pgf@countd=\count298
\t@pgf@toka=\toks34
\t@pgf@tokb=\toks35
\t@pgf@tokc=\toks36
\pgf@sys@id@count=\count299
 (/nix/store/zwfpsgcpl060kz380qlvpf3i8fp19i7f-texlive-combined-medium-2025.20250703-texmfdist/tex/generic/pgf/systemlayer/pgf.cfg
File: pgf.cfg 2023-01-15 v3.1.10 (3.1.10)
)
Driver file for pgf: pgfsys-pdftex.def
 (/nix/store/zwfpsgcpl060kz380qlvpf3i8fp19i7f-texlive-combined-medium-2025.20250703-texmfdist/tex/generic/pgf/systemlayer/pgfsys-pdftex.def
File: pgfsys-pdftex.def 2023-01-15 v3.1.10 (3.1.10)
 (/nix/store/zwfpsgcpl060kz380qlvpf3i8fp19i7f-texlive-combined-medium-2025.20250703-texmfdist/tex/generic/pgf/systemlayer/pgfsys-common-pdf.def
File: pgfsys-common-pdf.def 2023-01-15 v3.1.10 (3.1.10)
))) (/nix/store/zwfpsgcpl060kz380qlvpf3i8fp19i7f-texlive-combined-medium-2025.20250703-texmfdist/tex/generic/pgf/systemlayer/pgfsyssoftpath.code.tex
File: pgfsyssoftpath.code.tex 2023-01-15 v3.1.10 (3.1.10)
\pgfsyssoftpath@smallbuffer@items=\count300
\pgfsyssoftpath@bigbuffer@items=\count301
) (/nix/store/zwfpsgcpl060kz380qlvpf3i8fp19i7f-texlive-combined-medium-2025.20250703-texmfdist/tex/generic/pgf/systemlayer/pgfsysprotocol.code.tex
File: pgfsysprotocol.code.tex 2023-01-15 v3.1.10 (3.1.10)
))
(/nix/store/zwfpsgcpl060kz380qlvpf3i8fp19i7f-texlive-combined-medium-2025.20250703-texmfdist/tex/latex/xcolor/xcolor.sty
Package: xcolor 2024/09/29 v3.02 LaTeX color extensions (UK)
 (/nix/store/zwfpsgcpl060kz380qlvpf3i8fp19i7f-texlive-combined-medium-2025.20250703-texmfdist/tex/latex/graphics-cfg/color.cfg
File: color.cfg 2016/01/02 v1.6 sample color configuration
)
Package xcolor Info: Driver file: pdftex.def on input line 274.
 (/nix/store/zwfpsgcpl060kz380qlvpf3i8fp19i7f-texlive-combined-medium-2025.20250703-texmfdist/tex/latex/graphics/mathcolor.ltx)
Package xcolor Info: Model `cmy' substituted by `cmy0' on input line 1349.
Package xcolor Info: Model `hsb' substituted by `rgb' on input line 1353.
Package xcolor Info: Model `RGB' extended on input line 1365.
Package xcolor Info: Model `HTML' substituted by `rgb' on input line 1367.
Package xcolor Info: Model `Hsb' substituted by `hsb' on input line 1368.
Package xcolor Info: Model `tHsb' substituted by `hsb' on input line 1369.
Package xcolor Info: Model `HSB' substituted by `hsb' on input line 1370.
Package xcolor Info: Model `Gray' substituted by `gray' on input line 1371.
Package xcolor Info: Model `wave' substituted by `hsb' on input line 1372.
) (/nix/store/zwfpsgcpl060kz380qlvpf3i8fp19i7f-texlive-combined-medium-2025.20250703-texmfdist/tex/generic/pgf/basiclayer/pgfcore.code.tex
Package: pgfcore 2023-01-15 v3.1.10 (3.1.10)
 (/nix/store/zwfpsgcpl060kz380qlvpf3i8fp19i7f-texlive-combined-medium-2025.20250703-texmfdist/tex/generic/pgf/math/pgfmath.code.tex (/nix/store/zwfpsgcpl060kz380qlvpf3i8fp19i7f-texlive-combined-medium-2025.20250703-texmfdist/tex/generic/pgf/math/pgfmathutil.code.tex) (/nix/store/zwfpsgcpl060kz380qlvpf3i8fp19i7f-texlive-combined-medium-2025.20250703-texmfdist/tex/generic/pgf/math/pgfmathparser.code.tex
\pgfmath@dimen=\dimen172
\pgfmath@count=\count302
\pgfmath@box=\box56
\pgfmath@toks=\toks37
\pgfmath@stack@operand=\toks38
\pgfmath@stack@operation=\toks39
) (/nix/store/zwfpsgcpl060kz380qlvpf3i8fp19i7f-texlive-combined-medium-2025.20250703-texmfdist/tex/generic/pgf/math/pgfmathfunctions.code.tex) (/nix/store/zwfpsgcpl060kz380qlvpf3i8fp19i7f-texlive-combined-medium-2025.20250703-texmfdist/tex/generic/pgf/math/pgfmathfunctions.basic.code.tex) (/nix/store/zwfpsgcpl060kz380qlvpf3i8fp19i7f-texlive-combined-medium-2025.20250703-texmfdist/tex/generic/pgf/math/pgfmathfunctions.trigonometric.code.tex) (/nix/store/zwfpsgcpl060kz380qlvpf3i8fp19i7f-texlive-combined-medium-2025.20250703-texmfdist/tex/generic/pgf/math/pgfmathfunctions.random.code.tex) (/nix/store/zwfpsgcpl060kz380qlvpf3i8fp19i7f-texlive-combined-medium-2025.20250703-texmfdist/tex/generic/pgf/math/pgfmathfunctions.comparison.code.tex) (/nix/store/zwfpsgcpl060kz380qlvpf3i8fp19i7f-texlive-combined-medium-2025.20250703-texmfdist/tex/generic/pgf/math/pgfmathfunctions.base.code.tex) (/nix/store/zwfpsgcpl060kz380qlvpf3i8fp19i7f-texlive-combined-medium-2025.20250703-texmfdist/tex/generic/pgf/math/pgfmathfunctions.round.code.tex)
(/nix/store/zwfpsgcpl060kz380qlvpf3i8fp19i7f-texlive-combined-medium-2025.20250703-texmfdist/tex/generic/pgf/math/pgfmathfunctions.misc.code.tex) (/nix/store/zwfpsgcpl060kz380qlvpf3i8fp19i7f-texlive-combined-medium-2025.20250703-texmfdist/tex/generic/pgf/math/pgfmathfunctions.integerarithmetics.code.tex) (/nix/store/zwfpsgcpl060kz380qlvpf3i8fp19i7f-texlive-combined-medium-2025.20250703-texmfdist/tex/generic/pgf/math/pgfmathcalc.code.tex) (/nix/store/zwfpsgcpl060kz380qlvpf3i8fp19i7f-texlive-combined-medium-2025.20250703-texmfdist/tex/generic/pgf/math/pgfmathfloat.code.tex
\c@pgfmathroundto@lastzeros=\count303
)) (/nix/store/zwfpsgcpl060kz380qlvpf3i8fp19i7f-texlive-combined-medium-2025.20250703-texmfdist/tex/generic/pgf/math/pgfint.code.tex) (/nix/store/zwfpsgcpl060kz380qlvpf3i8fp19i7f-texlive-combined-medium-2025.20250703-texmfdist/tex/generic/pgf/basiclayer/pgfcorepoints.code.tex
File: pgfcorepoints.code.tex 2023-01-15 v3.1.10 (3.1.10)
\pgf@picminx=\dimen173
\pgf@picmaxx=\dimen174
\pgf@picminy=\dimen175
\pgf@picmaxy=\dimen176
\pgf@pathminx=\dimen177
\pgf@pathmaxx=\dimen178
\pgf@pathminy=\dimen179
\pgf@pathmaxy=\dimen180
\pgf@xx=\dimen181
\pgf@xy=\dimen182
\pgf@yx=\dimen183
\pgf@yy=\dimen184
\pgf@zx=\dimen185
\pgf@zy=\dimen186
) (/nix/store/zwfpsgcpl060kz380qlvpf3i8fp19i7f-texlive-combined-medium-2025.20250703-texmfdist/tex/generic/pgf/basiclayer/pgfcorepathconstruct.code.tex
File: pgfcorepathconstruct.code.tex 2023-01-15 v3.1.10 (3.1.10)
\pgf@path@lastx=\dimen187
\pgf@path@lasty=\dimen188
) (/nix/store/zwfpsgcpl060kz380qlvpf3i8fp19i7f-texlive-combined-medium-2025.20250703-texmfdist/tex/generic/pgf/basiclayer/pgfcorepathusage.code.tex
File: pgfcorepathusage.code.tex 2023-01-15 v3.1.10 (3.1.10)
\pgf@shorten@end@additional=\dimen189
\pgf@shorten@start@additional=\dimen190
) (/nix/store/zwfpsgcpl060kz380qlvpf3i8fp19i7f-texlive-combined-medium-2025.20250703-texmfdist/tex/generic/pgf/basiclayer/pgfcorescopes.code.tex
File: pgfcorescopes.code.tex 2023-01-15 v3.1.10 (3.1.10)
\pgfpic=\box57
\pgf@hbox=\box58
\pgf@layerbox@main=\box59
\pgf@picture@serial@count=\count304
) (/nix/store/zwfpsgcpl060kz380qlvpf3i8fp19i7f-texlive-combined-medium-2025.20250703-texmfdist/tex/generic/pgf/basiclayer/pgfcoregraphicstate.code.tex
File: pgfcoregraphicstate.code.tex 2023-01-15 v3.1.10 (3.1.10)
\pgflinewidth=\dimen191
) (/nix/store/zwfpsgcpl060kz380qlvpf3i8fp19i7f-texlive-combined-medium-2025.20250703-texmfdist/tex/generic/pgf/basiclayer/pgfcoretransformations.code.tex
File: pgfcoretransformations.code.tex 2023-01-15 v3.1.10 (3.1.10)
\pgf@pt@x=\dimen192
\pgf@pt@y=\dimen193
\pgf@pt@temp=\dimen194
) (/nix/store/zwfpsgcpl060kz380qlvpf3i8fp19i7f-texlive-combined-medium-2025.20250703-texmfdist/tex/generic/pgf/basiclayer/pgfcorequick.code.tex
File: pgfcorequick.code.tex 2023-01-15 v3.1.10 (3.1.10)
) (/nix/store/zwfpsgcpl060kz380qlvpf3i8fp19i7f-texlive-combined-medium-2025.20250703-texmfdist/tex/generic/pgf/basiclayer/pgfcoreobjects.code.tex
File: pgfcoreobjects.code.tex 2023-01-15 v3.1.10 (3.1.10)
)
(/nix/store/zwfpsgcpl060kz380qlvpf3i8fp19i7f-texlive-combined-medium-2025.20250703-texmfdist/tex/generic/pgf/basiclayer/pgfcorepathprocessing.code.tex
File: pgfcorepathprocessing.code.tex 2023-01-15 v3.1.10 (3.1.10)
) (/nix/store/zwfpsgcpl060kz380qlvpf3i8fp19i7f-texlive-combined-medium-2025.20250703-texmfdist/tex/generic/pgf/basiclayer/pgfcorearrows.code.tex
File: pgfcorearrows.code.tex 2023-01-15 v3.1.10 (3.1.10)
\pgfarrowsep=\dimen195
) (/nix/store/zwfpsgcpl060kz380qlvpf3i8fp19i7f-texlive-combined-medium-2025.20250703-texmfdist/tex/generic/pgf/basiclayer/pgfcoreshade.code.tex
File: pgfcoreshade.code.tex 2023-01-15 v3.1.10 (3.1.10)
\pgf@max=\dimen196
\pgf@sys@shading@range@num=\count305
\pgf@shadingcount=\count306
) (/nix/store/zwfpsgcpl060kz380qlvpf3i8fp19i7f-texlive-combined-medium-2025.20250703-texmfdist/tex/generic/pgf/basiclayer/pgfcoreimage.code.tex
File: pgfcoreimage.code.tex 2023-01-15 v3.1.10 (3.1.10)
) (/nix/store/zwfpsgcpl060kz380qlvpf3i8fp19i7f-texlive-combined-medium-2025.20250703-texmfdist/tex/generic/pgf/basiclayer/pgfcoreexternal.code.tex
File: pgfcoreexternal.code.tex 2023-01-15 v3.1.10 (3.1.10)
\pgfexternal@startupbox=\box60
) (/nix/store/zwfpsgcpl060kz380qlvpf3i8fp19i7f-texlive-combined-medium-2025.20250703-texmfdist/tex/generic/pgf/basiclayer/pgfcorelayers.code.tex
File: pgfcorelayers.code.tex 2023-01-15 v3.1.10 (3.1.10)
) (/nix/store/zwfpsgcpl060kz380qlvpf3i8fp19i7f-texlive-combined-medium-2025.20250703-texmfdist/tex/generic/pgf/basiclayer/pgfcoretransparency.code.tex
File: pgfcoretransparency.code.tex 2023-01-15 v3.1.10 (3.1.10)
) (/nix/store/zwfpsgcpl060kz380qlvpf3i8fp19i7f-texlive-combined-medium-2025.20250703-texmfdist/tex/generic/pgf/basiclayer/pgfcorepatterns.code.tex
File: pgfcorepatterns.code.tex 2023-01-15 v3.1.10 (3.1.10)
) (/nix/store/zwfpsgcpl060kz380qlvpf3i8fp19i7f-texlive-combined-medium-2025.20250703-texmfdist/tex/generic/pgf/basiclayer/pgfcorerdf.code.tex
File: pgfcorerdf.code.tex 2023-01-15 v3.1.10 (3.1.10)
))) (/nix/store/zwfpsgcpl060kz380qlvpf3i8fp19i7f-texlive-combined-medium-2025.20250703-texmfdist/tex/generic/pgf/modules/pgfmoduleshapes.code.tex
File: pgfmoduleshapes.code.tex 2023-01-15 v3.1.10 (3.1.10)
\pgfnodeparttextbox=\box61
) (/nix/store/zwfpsgcpl060kz380qlvpf3i8fp19i7f-texlive-combined-medium-2025.20250703-texmfdist/tex/generic/pgf/modules/pgfmoduleplot.code.tex
File: pgfmoduleplot.code.tex 2023-01-15 v3.1.10 (3.1.10)
) (/nix/store/zwfpsgcpl060kz380qlvpf3i8fp19i7f-texlive-combined-medium-2025.20250703-texmfdist/tex/latex/pgf/compatibility/pgfcomp-version-0-65.sty
Package: pgfcomp-version-0-65 2023-01-15 v3.1.10 (3.1.10)
\pgf@nodesepstart=\dimen197
\pgf@nodesepend=\dimen198
) (/nix/store/zwfpsgcpl060kz380qlvpf3i8fp19i7f-texlive-combined-medium-2025.20250703-texmfdist/tex/latex/pgf/compatibility/pgfcomp-version-1-18.sty
Package: pgfcomp-version-1-18 2023-01-15 v3.1.10 (3.1.10)
))
(/nix/store/zwfpsgcpl060kz380qlvpf3i8fp19i7f-texlive-combined-medium-2025.20250703-texmfdist/tex/latex/pgf/utilities/pgffor.sty (/nix/store/zwfpsgcpl060kz380qlvpf3i8fp19i7f-texlive-combined-medium-2025.20250703-texmfdist/tex/latex/pgf/utilities/pgfkeys.sty (/nix/store/zwfpsgcpl060kz380qlvpf3i8fp19i7f-texlive-combined-medium-2025.20250703-texmfdist/tex/generic/pgf/utilities/pgfkeys.code.tex)) (/nix/store/zwfpsgcpl060kz380qlvpf3i8fp19i7f-texlive-combined-medium-2025.20250703-texmfdist/tex/latex/pgf/math/pgfmath.sty (/nix/store/zwfpsgcpl060kz380qlvpf3i8fp19i7f-texlive-combined-medium-2025.20250703-texmfdist/tex/generic/pgf/math/pgfmath.code.tex)) (/nix/store/zwfpsgcpl060kz380qlvpf3i8fp19i7f-texlive-combined-medium-2025.20250703-texmfdist/tex/generic/pgf/utilities/pgffor.code.tex
Package: pgffor 2023-01-15 v3.1.10 (3.1.10)
\pgffor@iter=\dimen199
\pgffor@skip=\dimen256
\pgffor@stack=\toks40
\pgffor@toks=\toks41
)) (/nix/store/zwfpsgcpl060kz380qlvpf3i8fp19i7f-texlive-combined-medium-2025.20250703-texmfdist/tex/generic/pgf/frontendlayer/tikz/tikz.code.tex
Package: tikz 2023-01-15 v3.1.10 (3.1.10)
 (/nix/store/zwfpsgcpl060kz380qlvpf3i8fp19i7f-texlive-combined-medium-2025.20250703-texmfdist/tex/generic/pgf/libraries/pgflibraryplothandlers.code.tex
File: pgflibraryplothandlers.code.tex 2023-01-15 v3.1.10 (3.1.10)
\pgf@plot@mark@count=\count307
\pgfplotmarksize=\dimen257
)
\tikz@lastx=\dimen258
\tikz@lasty=\dimen259
\tikz@lastxsaved=\dimen260
\tikz@lastysaved=\dimen261
\tikz@lastmovetox=\dimen262
\tikz@lastmovetoy=\dimen263
\tikzleveldistance=\dimen264
\tikzsiblingdistance=\dimen265
\tikz@figbox=\box62
\tikz@figbox@bg=\box63
\tikz@tempbox=\box64
\tikz@tempbox@bg=\box65
\tikztreelevel=\count308
\tikznumberofchildren=\count309
\tikznumberofcurrentchild=\count310
\tikz@fig@count=\count311
 (/nix/store/zwfpsgcpl060kz380qlvpf3i8fp19i7f-texlive-combined-medium-2025.20250703-texmfdist/tex/generic/pgf/modules/pgfmodulematrix.code.tex
File: pgfmodulematrix.code.tex 2023-01-15 v3.1.10 (3.1.10)
\pgfmatrixcurrentrow=\count312
\pgfmatrixcurrentcolumn=\count313
\pgf@matrix@numberofcolumns=\count314
)
\tikz@expandcount=\count315
 (/nix/store/zwfpsgcpl060kz380qlvpf3i8fp19i7f-texlive-combined-medium-2025.20250703-texmfdist/tex/generic/pgf/frontendlayer/tikz/libraries/tikzlibrarytopaths.code.tex
File: tikzlibrarytopaths.code.tex 2023-01-15 v3.1.10 (3.1.10)
))) (/nix/store/zwfpsgcpl060kz380qlvpf3i8fp19i7f-texlive-combined-medium-2025.20250703-texmfdist/tex/latex/algorithms/algorithm.sty
Package: algorithm 2009/08/24 v0.1 Document Style `algorithm' - floating environment
 (/nix/store/zwfpsgcpl060kz380qlvpf3i8fp19i7f-texlive-combined-medium-2025.20250703-texmfdist/tex/latex/float/float.sty
Package: float 2001/11/08 v1.3d Float enhancements (AL)
\c@float@type=\count316
\float@exts=\toks42
\float@box=\box66
\@float@everytoks=\toks43
\@floatcapt=\box67
) (/nix/store/zwfpsgcpl060kz380qlvpf3i8fp19i7f-texlive-combined-medium-2025.20250703-texmfdist/tex/latex/base/ifthen.sty
Package: ifthen 2024/03/16 v1.1e Standard LaTeX ifthen package (DPC)
)
\@float@every@algorithm=\toks44
\c@algorithm=\count317
) (/nix/store/zwfpsgcpl060kz380qlvpf3i8fp19i7f-texlive-combined-medium-2025.20250703-texmfdist/tex/latex/algorithmicx/algpseudocode.sty
Package: algpseudocode 

(/nix/store/zwfpsgcpl060kz380qlvpf3i8fp19i7f-texlive-combined-medium-2025.20250703-texmfdist/tex/latex/algorithmicx/algorithmicx.sty
Package: algorithmicx 2005/04/27 v1.2 Algorithmicx

Document Style algorithmicx 1.2 - a greatly improved `algorithmic' style
\c@ALG@line=\count318
\c@ALG@rem=\count319
\c@ALG@nested=\count320
\ALG@tlm=\skip71
\ALG@thistlm=\skip72
\c@ALG@Lnr=\count321
\c@ALG@blocknr=\count322
\c@ALG@storecount=\count323
\c@ALG@tmpcounter=\count324
\ALG@tmplength=\skip73
)
Document Style - pseudocode environments for use with the `algorithmicx' style
) (/nix/store/zwfpsgcpl060kz380qlvpf3i8fp19i7f-texlive-combined-medium-2025.20250703-texmfdist/tex/generic/pgf/frontendlayer/tikz/libraries/tikzlibraryautomata.code.tex
File: tikzlibraryautomata.code.tex 2023-01-15 v3.1.10 (3.1.10)
 (/nix/store/zwfpsgcpl060kz380qlvpf3i8fp19i7f-texlive-combined-medium-2025.20250703-texmfdist/tex/generic/pgf/frontendlayer/tikz/libraries/tikzlibraryshapes.multipart.code.tex
File: tikzlibraryshapes.multipart.code.tex 2023-01-15 v3.1.10 (3.1.10)
 (/nix/store/zwfpsgcpl060kz380qlvpf3i8fp19i7f-texlive-combined-medium-2025.20250703-texmfdist/tex/generic/pgf/libraries/shapes/pgflibraryshapes.multipart.code.tex
File: pgflibraryshapes.multipart.code.tex 2023-01-15 v3.1.10 (3.1.10)
\pgfnodepartlowerbox=\box68
\pgfnodeparttwobox=\box69
\pgfnodepartthreebox=\box70
\pgfnodepartfourbox=\box71
\pgfnodeparttwentybox=\box72
\pgfnodepartnineteenbox=\box73
\pgfnodeparteighteenbox=\box74
\pgfnodepartseventeenbox=\box75
\pgfnodepartsixteenbox=\box76
\pgfnodepartfifteenbox=\box77
\pgfnodepartfourteenbox=\box78
\pgfnodepartthirteenbox=\box79
\pgfnodeparttwelvebox=\box80
\pgfnodepartelevenbox=\box81
\pgfnodeparttenbox=\box82
\pgfnodepartninebox=\box83
\pgfnodeparteightbox=\box84
\pgfnodepartsevenbox=\box85
\pgfnodepartsixbox=\box86
\pgfnodepartfivebox=\box87
))) (/nix/store/zwfpsgcpl060kz380qlvpf3i8fp19i7f-texlive-combined-medium-2025.20250703-texmfdist/tex/generic/pgf/frontendlayer/tikz/libraries/tikzlibrarypositioning.code.tex
File: tikzlibrarypositioning.code.tex 2023-01-15 v3.1.10 (3.1.10)
)
\c@partCounter=\count325
\c@homeworkProblemCounter=\count326
 (/nix/store/zwfpsgcpl060kz380qlvpf3i8fp19i7f-texlive-combined-medium-2025.20250703-texmfdist/tex/latex/l3backend/l3backend-pdftex.def
File: l3backend-pdftex.def 2025-06-09 L3 backend support: PDF output (pdfTeX)
\l__color_backend_stack_int=\count327
) (./homework.aux)
\openout1 = `homework.aux'.

LaTeX Font Info:    Checking defaults for OML/cmm/m/it on input line 145.
LaTeX Font Info:    ... okay on input line 145.
LaTeX Font Info:    Checking defaults for OMS/cmsy/m/n on input line 145.
LaTeX Font Info:    ... okay on input line 145.
LaTeX Font Info:    Checking defaults for OT1/cmr/m/n on input line 145.
LaTeX Font Info:    ... okay on input line 145.
LaTeX Font Info:    Checking defaults for T1/cmr/m/n on input line 145.
LaTeX Font Info:    ... okay on input line 145.
LaTeX Font Info:    Checking defaults for TS1/cmr/m/n on input line 145.
LaTeX Font Info:    ... okay on input line 145.
LaTeX Font Info:    Checking defaults for OMX/cmex/m/n on input line 145.
LaTeX Font Info:    ... okay on input line 145.
LaTeX Font Info:    Checking defaults for U/cmr/m/n on input line 145.
LaTeX Font Info:    ... okay on input line 145.
 (/nix/store/zwfpsgcpl060kz380qlvpf3i8fp19i7f-texlive-combined-medium-2025.20250703-texmfdist/tex/context/base/mkii/supp-pdf.mkii
[Loading MPS to PDF converter (version 2006.09.02).]
\scratchcounter=\count328
\scratchdimen=\dimen266
\scratchbox=\box88
\nofMPsegments=\count329
\nofMParguments=\count330
\everyMPshowfont=\toks45
\MPscratchCnt=\count331
\MPscratchDim=\dimen267
\MPnumerator=\count332
\makeMPintoPDFobject=\count333
\everyMPtoPDFconversion=\toks46
) (/nix/store/zwfpsgcpl060kz380qlvpf3i8fp19i7f-texlive-combined-medium-2025.20250703-texmfdist/tex/latex/epstopdf-pkg/epstopdf-base.sty
Package: epstopdf-base 2020-01-24 v2.11 Base part for package epstopdf
Package epstopdf-base Info: Redefining graphics rule for `.eps' on input line 485.
 (/nix/store/zwfpsgcpl060kz380qlvpf3i8fp19i7f-texlive-combined-medium-2025.20250703-texmfdist/tex/latex/latexconfig/epstopdf-sys.cfg
File: epstopdf-sys.cfg 2010/07/13 v1.3 Configuration of (r)epstopdf for TeX Live
))
LaTeX Font Info:    Trying to load font information for U+msa on input line 147.
 (/nix/store/zwfpsgcpl060kz380qlvpf3i8fp19i7f-texlive-combined-medium-2025.20250703-texmfdist/tex/latex/amsfonts/umsa.fd
File: umsa.fd 2013/01/14 v3.01 AMS symbols A
)
LaTeX Font Info:    Trying to load font information for U+msb on input line 147.
 (/nix/store/zwfpsgcpl060kz380qlvpf3i8fp19i7f-texlive-combined-medium-2025.20250703-texmfdist/tex/latex/amsfonts/umsb.fd
File: umsb.fd 2013/01/14 v3.01 AMS symbols B
)

[1

{/nix/store/2v3z6kwyy7zyfv7mlvq1kh4fr08n9ygq-texlive-combined-medium-2025.20250703/share/texmf-var/fonts/map/pdftex/updmap/pdftex.map}]
Underfull \hbox (badness 10000) in paragraph at lines 182--183

 []


Underfull \hbox (badness 10000) in paragraph at lines 189--190

 []



[2]

[3]

[4]
Underfull \hbox (badness 10000) in paragraph at lines 239--240

 []


Underfull \hbox (badness 10000) in paragraph at lines 251--252

 []


Underfull \hbox (badness 10000) in paragraph at lines 261--262

 []



[5]

[6]

[7]

[8]

[9]

[10]

[11] (./homework.aux)
 ***********
LaTeX2e <2025-06-01> patch level 1
L3 programming layer <2025-06-09>
 ***********
 ) 
Here is how much of TeX's memory you used:
 14512 strings out of 469012
 317953 string characters out of 5435860
 699838 words of memory out of 5000000
 42636 multiletter control sequences out of 15000+600000
 636260 words of font info for 76 fonts, out of 8000000 for 9000
 430 hyphenation exceptions out of 8191
 102i,20n,107p,418b,352s stack positions out of 10000i,1000n,20000p,200000b,200000s
</nix/store/zwfpsgcpl060kz380qlvpf3i8fp19i7f-texlive-combined-medium-2025.20250703-texmfdist/fonts/type1/public/amsfonts/cm/cmbx10.pfb></nix/store/zwfpsgcpl060kz380qlvpf3i8fp19i7f-texlive-combined-medium-2025.20250703-texmfdist/fonts/type1/public/amsfonts/cm/cmbx12.pfb></nix/store/zwfpsgcpl060kz380qlvpf3i8fp19i7f-texlive-combined-medium-2025.20250703-texmfdist/fonts/type1/public/amsfonts/cm/cmex10.pfb></nix/store/zwfpsgcpl060kz380qlvpf3i8fp19i7f-texlive-combined-medium-2025.20250703-texmfdist/fonts/type1/public/amsfonts/cm/cmmi10.pfb></nix/store/zwfpsgcpl060kz380qlvpf3i8fp19i7f-texlive-combined-medium-2025.20250703-texmfdist/fonts/type1/public/amsfonts/cm/cmmi7.pfb></nix/store/zwfpsgcpl060kz380qlvpf3i8fp19i7f-texlive-combined-medium-2025.20250703-texmfdist/fonts/type1/public/amsfonts/cm/cmr10.pfb></nix/store/zwfpsgcpl060kz380qlvpf3i8fp19i7f-texlive-combined-medium-2025.20250703-texmfdist/fonts/type1/public/amsfonts/cm/cmr5.pfb></nix/store/zwfpsgcpl060kz380qlvpf3i8fp19i7f-texlive-combined-medium-2025.20250703-texmfdist/fonts/type1/public/amsfonts/cm/cmr7.pfb></nix/store/zwfpsgcpl060kz380qlvpf3i8fp19i7f-texlive-combined-medium-2025.20250703-texmfdist/fonts/type1/public/amsfonts/cm/cmr9.pfb></nix/store/zwfpsgcpl060kz380qlvpf3i8fp19i7f-texlive-combined-medium-2025.20250703-texmfdist/fonts/type1/public/amsfonts/cm/cmsy10.pfb></nix/store/zwfpsgcpl060kz380qlvpf3i8fp19i7f-texlive-combined-medium-2025.20250703-texmfdist/fonts/type1/public/amsfonts/cm/cmsy7.pfb></nix/store/zwfpsgcpl060kz380qlvpf3i8fp19i7f-texlive-combined-medium-2025.20250703-texmfdist/fonts/type1/public/amsfonts/cm/cmti12.pfb></nix/store/zwfpsgcpl060kz380qlvpf3i8fp19i7f-texlive-combined-medium-2025.20250703-texmfdist/fonts/type1/public/amsfonts/symbols/msbm10.pfb>
Output written on homework.pdf (11 pages, 157051 bytes).
PDF statistics:
 108 PDF objects out of 1000 (max. 8388607)
 68 compressed objects within 1 object stream
 0 named destinations out of 1000 (max. 500000)
 13 words of extra memory for PDF output out of 10000 (max. 10000000)

